<?xml version="1.0" encoding="UTF-8"?>
<testng-results ignored="0" total="1" passed="1" failed="0" skipped="0">
  <reporter-output>
  </reporter-output>
  <suite started-at="2022-03-31T15:42:02 IST" name="Banking1V1" finished-at="2022-03-31T15:42:23 IST" duration-ms="21435">
    <groups>
    </groups>
    <test started-at="2022-03-31T15:42:02 IST" name=" BankingApp test" finished-at="2022-03-31T15:42:23 IST" duration-ms="21435">
      <class name="com.banking1.testcases.TC_login_001">
        <test-method is-config="true" signature="setup(java.lang.String)[pri:0, instance:com.banking1.testcases.TC_login_001@16a0ee18]" started-at="2022-03-31T15:42:03 IST" name="setup" finished-at="2022-03-31T15:42:18 IST" duration-ms="15203" status="PASS">
          <params>
            <param index="0">
              <value>
                <![CDATA[firefox]]>
              </value>
            </param>
          </params>
          <reporter-output>
          </reporter-output>
        </test-method> <!-- setup -->
        <test-method signature="logintest()[pri:0, instance:com.banking1.testcases.TC_login_001@16a0ee18]" started-at="2022-03-31T15:42:18 IST" name="logintest" finished-at="2022-03-31T15:42:20 IST" duration-ms="2675" status="PASS">
          <reporter-output>
          </reporter-output>
        </test-method> <!-- logintest -->
        <test-method is-config="true" signature="teardown()[pri:0, instance:com.banking1.testcases.TC_login_001@16a0ee18]" started-at="2022-03-31T15:42:21 IST" name="teardown" finished-at="2022-03-31T15:42:23 IST" duration-ms="2637" status="PASS">
          <reporter-output>
          </reporter-output>
        </test-method> <!-- teardown -->
      </class> <!-- com.banking1.testcases.TC_login_001 -->
    </test> <!--  BankingApp test -->
  </suite> <!-- Banking1V1 -->
</testng-results>
